<?xml version="1.0" encoding="UTF-8"?>
<!-- Generated by org.testng.reporters.JUnitXMLReporter -->
<testsuite ignored="0" hostname="DESKTOP-I87U9OT" failures="0" tests="3" name="Default test" time="0.073" errors="0" timestamp="2024-02-01T15:06:39 IST">
  <testcase classname="Amezon_LoginPage.Data" name="Test1" time="0.013"/>
  <testcase classname="Amezon_LoginPage.Data" name="Test1" time="0.001"/>
  <testcase classname="Amezon_LoginPage.Data" name="Test1" time="0.001"/>
</testsuite> <!-- Default test -->
