<?xml version="1.0" encoding="UTF-8"?>
<!-- Generated by org.testng.reporters.JUnitXMLReporter -->
<testsuite ignored="4" hostname="DESKTOP-I87U9OT" failures="0" tests="4" name="Test_Amezone1" time="0.06" errors="0" timestamp="2024-01-06T01:06:41 IST">
  <testcase classname="Amezon_LoginPage.Group_Test_NG" name="Test1" time="0.016"/>
  <testcase classname="Amezon_LoginPage.Group_Test_NG" name="Test2" time="0.002"/>
  <testcase classname="Amezon_LoginPage.Group_Test_NG" name="Test3" time="0.001"/>
  <testcase classname="Amezon_LoginPage.Group_Test_NG" name="Test4" time="0.001"/>
  <testcase classname="Amezon_LoginPage.Loginpage_TestNG" name="Test12" time="0.0">
    <ignored/>
  </testcase> <!-- Test12 -->
  <testcase classname="Amezon_LoginPage.Loginpage_TestNG" name="dispaly" time="0.0">
    <ignored/>
  </testcase> <!-- dispaly -->
  <testcase classname="Amezon_LoginPage.Loginpage_TestNG" name="Test13" time="0.0">
    <ignored/>
  </testcase> <!-- Test13 -->
  <testcase classname="Amezon_LoginPage.Loginpage_TestNG" name="show1" time="0.0">
    <ignored/>
  </testcase> <!-- show1 -->
</testsuite> <!-- Test_Amezone1 -->
